<?xml version="1.0" encoding="UTF-8"?>
<!-- Generated by org.testng.reporters.JUnitReportReporter -->
<testsuite hostname="LAPTOP-BTVTG99A" failures="0" tests="1" name="com.Testcase.Logintestcase" time="6.006" errors="0" timestamp="04 Apr 2022 10:32:25 GMT" skipped="0">
  <testcase classname="com.Testcase.Logintestcase" name="login" time="6.006"/>
</testsuite> <!-- com.Testcase.Logintestcase -->
